<?xml version="1.0" encoding="UTF-8"?>
<testsuite xmlns:xsi="http://www.w3.org/2001/XMLSchema-instance" xsi:noNamespaceSchemaLocation="https://maven.apache.org/surefire/maven-surefire-plugin/xsd/surefire-test-report-3.0.xsd" version="3.0" name="com.Project.Productservice.ProductServiceApplicationTests" time="5.861" tests="1" errors="0" skipped="0" failures="0">
  <properties>
    <property name="java.specification.version" value="17"/>
    <property name="sun.jnu.encoding" value="UTF-8"/>
    <property name="java.class.path" value="/Users/manishshivaprasad/Documents/microservices-new/product-service/target/test-classes:/Users/manishshivaprasad/Documents/microservices-new/product-service/target/classes:/Users/manishshivaprasad/.m2/repository/org/springframework/boot/spring-boot-starter-data-mongodb/3.1.8/spring-boot-starter-data-mongodb-3.1.8.jar:/Users/manishshivaprasad/.m2/repository/org/springframework/boot/spring-boot-starter/3.1.8/spring-boot-starter-3.1.8.jar:/Users/manishshivaprasad/.m2/repository/org/springframework/boot/spring-boot/3.1.8/spring-boot-3.1.8.jar:/Users/manishshivaprasad/.m2/repository/org/springframework/boot/spring-boot-autoconfigure/3.1.8/spring-boot-autoconfigure-3.1.8.jar:/Users/manishshivaprasad/.m2/repository/org/springframework/boot/spring-boot-starter-logging/3.1.8/spring-boot-starter-logging-3.1.8.jar:/Users/manishshivaprasad/.m2/repository/ch/qos/logback/logback-classic/1.4.14/logback-classic-1.4.14.jar:/Users/manishshivaprasad/.m2/repository/ch/qos/logback/logback-core/1.4.14/logback-core-1.4.14.jar:/Users/manishshivaprasad/.m2/repository/org/apache/logging/log4j/log4j-to-slf4j/2.20.0/log4j-to-slf4j-2.20.0.jar:/Users/manishshivaprasad/.m2/repository/org/apache/logging/log4j/log4j-api/2.20.0/log4j-api-2.20.0.jar:/Users/manishshivaprasad/.m2/repository/org/slf4j/jul-to-slf4j/2.0.11/jul-to-slf4j-2.0.11.jar:/Users/manishshivaprasad/.m2/repository/jakarta/annotation/jakarta.annotation-api/2.1.1/jakarta.annotation-api-2.1.1.jar:/Users/manishshivaprasad/.m2/repository/org/yaml/snakeyaml/1.33/snakeyaml-1.33.jar:/Users/manishshivaprasad/.m2/repository/org/mongodb/mongodb-driver-sync/4.9.1/mongodb-driver-sync-4.9.1.jar:/Users/manishshivaprasad/.m2/repository/org/mongodb/bson/4.9.1/bson-4.9.1.jar:/Users/manishshivaprasad/.m2/repository/org/mongodb/mongodb-driver-core/4.9.1/mongodb-driver-core-4.9.1.jar:/Users/manishshivaprasad/.m2/repository/org/mongodb/bson-record-codec/4.9.1/bson-record-codec-4.9.1.jar:/Users/manishshivaprasad/.m2/repository/org/springframework/data/spring-data-mongodb/4.1.8/spring-data-mongodb-4.1.8.jar:/Users/manishshivaprasad/.m2/repository/org/springframework/spring-tx/6.0.16/spring-tx-6.0.16.jar:/Users/manishshivaprasad/.m2/repository/org/springframework/spring-context/6.0.16/spring-context-6.0.16.jar:/Users/manishshivaprasad/.m2/repository/org/springframework/spring-beans/6.0.16/spring-beans-6.0.16.jar:/Users/manishshivaprasad/.m2/repository/org/springframework/spring-expression/6.0.16/spring-expression-6.0.16.jar:/Users/manishshivaprasad/.m2/repository/org/springframework/data/spring-data-commons/3.1.8/spring-data-commons-3.1.8.jar:/Users/manishshivaprasad/.m2/repository/org/slf4j/slf4j-api/2.0.11/slf4j-api-2.0.11.jar:/Users/manishshivaprasad/.m2/repository/org/springframework/boot/spring-boot-starter-web/3.1.8/spring-boot-starter-web-3.1.8.jar:/Users/manishshivaprasad/.m2/repository/org/springframework/boot/spring-boot-starter-json/3.1.8/spring-boot-starter-json-3.1.8.jar:/Users/manishshivaprasad/.m2/repository/com/fasterxml/jackson/core/jackson-databind/2.15.3/jackson-databind-2.15.3.jar:/Users/manishshivaprasad/.m2/repository/com/fasterxml/jackson/core/jackson-annotations/2.15.3/jackson-annotations-2.15.3.jar:/Users/manishshivaprasad/.m2/repository/com/fasterxml/jackson/core/jackson-core/2.15.3/jackson-core-2.15.3.jar:/Users/manishshivaprasad/.m2/repository/com/fasterxml/jackson/datatype/jackson-datatype-jdk8/2.15.3/jackson-datatype-jdk8-2.15.3.jar:/Users/manishshivaprasad/.m2/repository/com/fasterxml/jackson/datatype/jackson-datatype-jsr310/2.15.3/jackson-datatype-jsr310-2.15.3.jar:/Users/manishshivaprasad/.m2/repository/com/fasterxml/jackson/module/jackson-module-parameter-names/2.15.3/jackson-module-parameter-names-2.15.3.jar:/Users/manishshivaprasad/.m2/repository/org/springframework/boot/spring-boot-starter-tomcat/3.1.8/spring-boot-starter-tomcat-3.1.8.jar:/Users/manishshivaprasad/.m2/repository/org/apache/tomcat/embed/tomcat-embed-core/10.1.18/tomcat-embed-core-10.1.18.jar:/Users/manishshivaprasad/.m2/repository/org/apache/tomcat/embed/tomcat-embed-el/10.1.18/tomcat-embed-el-10.1.18.jar:/Users/manishshivaprasad/.m2/repository/org/apache/tomcat/embed/tomcat-embed-websocket/10.1.18/tomcat-embed-websocket-10.1.18.jar:/Users/manishshivaprasad/.m2/repository/org/springframework/spring-web/6.0.16/spring-web-6.0.16.jar:/Users/manishshivaprasad/.m2/repository/io/micrometer/micrometer-observation/1.11.8/micrometer-observation-1.11.8.jar:/Users/manishshivaprasad/.m2/repository/io/micrometer/micrometer-commons/1.11.8/micrometer-commons-1.11.8.jar:/Users/manishshivaprasad/.m2/repository/org/springframework/spring-webmvc/6.0.16/spring-webmvc-6.0.16.jar:/Users/manishshivaprasad/.m2/repository/org/springframework/spring-aop/6.0.16/spring-aop-6.0.16.jar:/Users/manishshivaprasad/.m2/repository/org/projectlombok/lombok/1.18.30/lombok-1.18.30.jar:/Users/manishshivaprasad/.m2/repository/org/springframework/boot/spring-boot-starter-test/3.1.8/spring-boot-starter-test-3.1.8.jar:/Users/manishshivaprasad/.m2/repository/org/springframework/boot/spring-boot-test/3.1.8/spring-boot-test-3.1.8.jar:/Users/manishshivaprasad/.m2/repository/org/springframework/boot/spring-boot-test-autoconfigure/3.1.8/spring-boot-test-autoconfigure-3.1.8.jar:/Users/manishshivaprasad/.m2/repository/com/jayway/jsonpath/json-path/2.8.0/json-path-2.8.0.jar:/Users/manishshivaprasad/.m2/repository/jakarta/xml/bind/jakarta.xml.bind-api/4.0.1/jakarta.xml.bind-api-4.0.1.jar:/Users/manishshivaprasad/.m2/repository/jakarta/activation/jakarta.activation-api/2.1.2/jakarta.activation-api-2.1.2.jar:/Users/manishshivaprasad/.m2/repository/net/minidev/json-smart/2.4.11/json-smart-2.4.11.jar:/Users/manishshivaprasad/.m2/repository/net/minidev/accessors-smart/2.4.11/accessors-smart-2.4.11.jar:/Users/manishshivaprasad/.m2/repository/org/ow2/asm/asm/9.3/asm-9.3.jar:/Users/manishshivaprasad/.m2/repository/org/assertj/assertj-core/3.24.2/assertj-core-3.24.2.jar:/Users/manishshivaprasad/.m2/repository/net/bytebuddy/byte-buddy/1.14.11/byte-buddy-1.14.11.jar:/Users/manishshivaprasad/.m2/repository/org/hamcrest/hamcrest/2.2/hamcrest-2.2.jar:/Users/manishshivaprasad/.m2/repository/org/junit/jupiter/junit-jupiter/5.9.3/junit-jupiter-5.9.3.jar:/Users/manishshivaprasad/.m2/repository/org/junit/jupiter/junit-jupiter-api/5.9.3/junit-jupiter-api-5.9.3.jar:/Users/manishshivaprasad/.m2/repository/org/opentest4j/opentest4j/1.2.0/opentest4j-1.2.0.jar:/Users/manishshivaprasad/.m2/repository/org/junit/platform/junit-platform-commons/1.9.3/junit-platform-commons-1.9.3.jar:/Users/manishshivaprasad/.m2/repository/org/apiguardian/apiguardian-api/1.1.2/apiguardian-api-1.1.2.jar:/Users/manishshivaprasad/.m2/repository/org/junit/jupiter/junit-jupiter-params/5.9.3/junit-jupiter-params-5.9.3.jar:/Users/manishshivaprasad/.m2/repository/org/junit/jupiter/junit-jupiter-engine/5.9.3/junit-jupiter-engine-5.9.3.jar:/Users/manishshivaprasad/.m2/repository/org/junit/platform/junit-platform-engine/1.9.3/junit-platform-engine-1.9.3.jar:/Users/manishshivaprasad/.m2/repository/org/mockito/mockito-core/5.3.1/mockito-core-5.3.1.jar:/Users/manishshivaprasad/.m2/repository/net/bytebuddy/byte-buddy-agent/1.14.11/byte-buddy-agent-1.14.11.jar:/Users/manishshivaprasad/.m2/repository/org/objenesis/objenesis/3.3/objenesis-3.3.jar:/Users/manishshivaprasad/.m2/repository/org/mockito/mockito-junit-jupiter/5.3.1/mockito-junit-jupiter-5.3.1.jar:/Users/manishshivaprasad/.m2/repository/org/skyscreamer/jsonassert/1.5.1/jsonassert-1.5.1.jar:/Users/manishshivaprasad/.m2/repository/com/vaadin/external/google/android-json/0.0.20131108.vaadin1/android-json-0.0.20131108.vaadin1.jar:/Users/manishshivaprasad/.m2/repository/org/springframework/spring-core/6.0.16/spring-core-6.0.16.jar:/Users/manishshivaprasad/.m2/repository/org/springframework/spring-jcl/6.0.16/spring-jcl-6.0.16.jar:/Users/manishshivaprasad/.m2/repository/org/springframework/spring-test/6.0.16/spring-test-6.0.16.jar:/Users/manishshivaprasad/.m2/repository/org/xmlunit/xmlunit-core/2.9.1/xmlunit-core-2.9.1.jar:/Users/manishshivaprasad/.m2/repository/org/testcontainers/mongodb/1.19.4/mongodb-1.19.4.jar:/Users/manishshivaprasad/.m2/repository/org/testcontainers/testcontainers/1.19.4/testcontainers-1.19.4.jar:/Users/manishshivaprasad/.m2/repository/junit/junit/4.13.2/junit-4.13.2.jar:/Users/manishshivaprasad/.m2/repository/org/hamcrest/hamcrest-core/2.2/hamcrest-core-2.2.jar:/Users/manishshivaprasad/.m2/repository/org/apache/commons/commons-compress/1.25.0/commons-compress-1.25.0.jar:/Users/manishshivaprasad/.m2/repository/org/rnorth/duct-tape/duct-tape/1.0.8/duct-tape-1.0.8.jar:/Users/manishshivaprasad/.m2/repository/org/jetbrains/annotations/17.0.0/annotations-17.0.0.jar:/Users/manishshivaprasad/.m2/repository/com/github/docker-java/docker-java-api/3.3.4/docker-java-api-3.3.4.jar:/Users/manishshivaprasad/.m2/repository/com/github/docker-java/docker-java-transport-zerodep/3.3.4/docker-java-transport-zerodep-3.3.4.jar:/Users/manishshivaprasad/.m2/repository/com/github/docker-java/docker-java-transport/3.3.4/docker-java-transport-3.3.4.jar:/Users/manishshivaprasad/.m2/repository/net/java/dev/jna/jna/5.13.0/jna-5.13.0.jar:/Users/manishshivaprasad/.m2/repository/org/testcontainers/junit-jupiter/1.19.4/junit-jupiter-1.19.4.jar:"/>
    <property name="java.vm.vendor" value="Oracle Corporation"/>
    <property name="sun.arch.data.model" value="64"/>
    <property name="java.vendor.url" value="https://java.oracle.com/"/>
    <property name="user.timezone" value="America/New_York"/>
    <property name="os.name" value="Mac OS X"/>
    <property name="java.vm.specification.version" value="17"/>
    <property name="sun.java.launcher" value="SUN_STANDARD"/>
    <property name="user.country" value="US"/>
    <property name="sun.boot.library.path" value="/Library/Java/JavaVirtualMachines/jdk-17.jdk/Contents/Home/lib"/>
    <property name="sun.java.command" value="/Users/manishshivaprasad/Documents/microservices-new/product-service/target/surefire/surefirebooter-20240220000809853_3.jar /Users/manishshivaprasad/Documents/microservices-new/product-service/target/surefire 2024-02-20T00-08-09_796-jvmRun1 surefire-20240220000809853_1tmp surefire_0-20240220000809853_2tmp"/>
    <property name="http.nonProxyHosts" value="local|*.local|169.254/16|*.169.254/16"/>
    <property name="jdk.debug" value="release"/>
    <property name="surefire.test.class.path" value="/Users/manishshivaprasad/Documents/microservices-new/product-service/target/test-classes:/Users/manishshivaprasad/Documents/microservices-new/product-service/target/classes:/Users/manishshivaprasad/.m2/repository/org/springframework/boot/spring-boot-starter-data-mongodb/3.1.8/spring-boot-starter-data-mongodb-3.1.8.jar:/Users/manishshivaprasad/.m2/repository/org/springframework/boot/spring-boot-starter/3.1.8/spring-boot-starter-3.1.8.jar:/Users/manishshivaprasad/.m2/repository/org/springframework/boot/spring-boot/3.1.8/spring-boot-3.1.8.jar:/Users/manishshivaprasad/.m2/repository/org/springframework/boot/spring-boot-autoconfigure/3.1.8/spring-boot-autoconfigure-3.1.8.jar:/Users/manishshivaprasad/.m2/repository/org/springframework/boot/spring-boot-starter-logging/3.1.8/spring-boot-starter-logging-3.1.8.jar:/Users/manishshivaprasad/.m2/repository/ch/qos/logback/logback-classic/1.4.14/logback-classic-1.4.14.jar:/Users/manishshivaprasad/.m2/repository/ch/qos/logback/logback-core/1.4.14/logback-core-1.4.14.jar:/Users/manishshivaprasad/.m2/repository/org/apache/logging/log4j/log4j-to-slf4j/2.20.0/log4j-to-slf4j-2.20.0.jar:/Users/manishshivaprasad/.m2/repository/org/apache/logging/log4j/log4j-api/2.20.0/log4j-api-2.20.0.jar:/Users/manishshivaprasad/.m2/repository/org/slf4j/jul-to-slf4j/2.0.11/jul-to-slf4j-2.0.11.jar:/Users/manishshivaprasad/.m2/repository/jakarta/annotation/jakarta.annotation-api/2.1.1/jakarta.annotation-api-2.1.1.jar:/Users/manishshivaprasad/.m2/repository/org/yaml/snakeyaml/1.33/snakeyaml-1.33.jar:/Users/manishshivaprasad/.m2/repository/org/mongodb/mongodb-driver-sync/4.9.1/mongodb-driver-sync-4.9.1.jar:/Users/manishshivaprasad/.m2/repository/org/mongodb/bson/4.9.1/bson-4.9.1.jar:/Users/manishshivaprasad/.m2/repository/org/mongodb/mongodb-driver-core/4.9.1/mongodb-driver-core-4.9.1.jar:/Users/manishshivaprasad/.m2/repository/org/mongodb/bson-record-codec/4.9.1/bson-record-codec-4.9.1.jar:/Users/manishshivaprasad/.m2/repository/org/springframework/data/spring-data-mongodb/4.1.8/spring-data-mongodb-4.1.8.jar:/Users/manishshivaprasad/.m2/repository/org/springframework/spring-tx/6.0.16/spring-tx-6.0.16.jar:/Users/manishshivaprasad/.m2/repository/org/springframework/spring-context/6.0.16/spring-context-6.0.16.jar:/Users/manishshivaprasad/.m2/repository/org/springframework/spring-beans/6.0.16/spring-beans-6.0.16.jar:/Users/manishshivaprasad/.m2/repository/org/springframework/spring-expression/6.0.16/spring-expression-6.0.16.jar:/Users/manishshivaprasad/.m2/repository/org/springframework/data/spring-data-commons/3.1.8/spring-data-commons-3.1.8.jar:/Users/manishshivaprasad/.m2/repository/org/slf4j/slf4j-api/2.0.11/slf4j-api-2.0.11.jar:/Users/manishshivaprasad/.m2/repository/org/springframework/boot/spring-boot-starter-web/3.1.8/spring-boot-starter-web-3.1.8.jar:/Users/manishshivaprasad/.m2/repository/org/springframework/boot/spring-boot-starter-json/3.1.8/spring-boot-starter-json-3.1.8.jar:/Users/manishshivaprasad/.m2/repository/com/fasterxml/jackson/core/jackson-databind/2.15.3/jackson-databind-2.15.3.jar:/Users/manishshivaprasad/.m2/repository/com/fasterxml/jackson/core/jackson-annotations/2.15.3/jackson-annotations-2.15.3.jar:/Users/manishshivaprasad/.m2/repository/com/fasterxml/jackson/core/jackson-core/2.15.3/jackson-core-2.15.3.jar:/Users/manishshivaprasad/.m2/repository/com/fasterxml/jackson/datatype/jackson-datatype-jdk8/2.15.3/jackson-datatype-jdk8-2.15.3.jar:/Users/manishshivaprasad/.m2/repository/com/fasterxml/jackson/datatype/jackson-datatype-jsr310/2.15.3/jackson-datatype-jsr310-2.15.3.jar:/Users/manishshivaprasad/.m2/repository/com/fasterxml/jackson/module/jackson-module-parameter-names/2.15.3/jackson-module-parameter-names-2.15.3.jar:/Users/manishshivaprasad/.m2/repository/org/springframework/boot/spring-boot-starter-tomcat/3.1.8/spring-boot-starter-tomcat-3.1.8.jar:/Users/manishshivaprasad/.m2/repository/org/apache/tomcat/embed/tomcat-embed-core/10.1.18/tomcat-embed-core-10.1.18.jar:/Users/manishshivaprasad/.m2/repository/org/apache/tomcat/embed/tomcat-embed-el/10.1.18/tomcat-embed-el-10.1.18.jar:/Users/manishshivaprasad/.m2/repository/org/apache/tomcat/embed/tomcat-embed-websocket/10.1.18/tomcat-embed-websocket-10.1.18.jar:/Users/manishshivaprasad/.m2/repository/org/springframework/spring-web/6.0.16/spring-web-6.0.16.jar:/Users/manishshivaprasad/.m2/repository/io/micrometer/micrometer-observation/1.11.8/micrometer-observation-1.11.8.jar:/Users/manishshivaprasad/.m2/repository/io/micrometer/micrometer-commons/1.11.8/micrometer-commons-1.11.8.jar:/Users/manishshivaprasad/.m2/repository/org/springframework/spring-webmvc/6.0.16/spring-webmvc-6.0.16.jar:/Users/manishshivaprasad/.m2/repository/org/springframework/spring-aop/6.0.16/spring-aop-6.0.16.jar:/Users/manishshivaprasad/.m2/repository/org/projectlombok/lombok/1.18.30/lombok-1.18.30.jar:/Users/manishshivaprasad/.m2/repository/org/springframework/boot/spring-boot-starter-test/3.1.8/spring-boot-starter-test-3.1.8.jar:/Users/manishshivaprasad/.m2/repository/org/springframework/boot/spring-boot-test/3.1.8/spring-boot-test-3.1.8.jar:/Users/manishshivaprasad/.m2/repository/org/springframework/boot/spring-boot-test-autoconfigure/3.1.8/spring-boot-test-autoconfigure-3.1.8.jar:/Users/manishshivaprasad/.m2/repository/com/jayway/jsonpath/json-path/2.8.0/json-path-2.8.0.jar:/Users/manishshivaprasad/.m2/repository/jakarta/xml/bind/jakarta.xml.bind-api/4.0.1/jakarta.xml.bind-api-4.0.1.jar:/Users/manishshivaprasad/.m2/repository/jakarta/activation/jakarta.activation-api/2.1.2/jakarta.activation-api-2.1.2.jar:/Users/manishshivaprasad/.m2/repository/net/minidev/json-smart/2.4.11/json-smart-2.4.11.jar:/Users/manishshivaprasad/.m2/repository/net/minidev/accessors-smart/2.4.11/accessors-smart-2.4.11.jar:/Users/manishshivaprasad/.m2/repository/org/ow2/asm/asm/9.3/asm-9.3.jar:/Users/manishshivaprasad/.m2/repository/org/assertj/assertj-core/3.24.2/assertj-core-3.24.2.jar:/Users/manishshivaprasad/.m2/repository/net/bytebuddy/byte-buddy/1.14.11/byte-buddy-1.14.11.jar:/Users/manishshivaprasad/.m2/repository/org/hamcrest/hamcrest/2.2/hamcrest-2.2.jar:/Users/manishshivaprasad/.m2/repository/org/junit/jupiter/junit-jupiter/5.9.3/junit-jupiter-5.9.3.jar:/Users/manishshivaprasad/.m2/repository/org/junit/jupiter/junit-jupiter-api/5.9.3/junit-jupiter-api-5.9.3.jar:/Users/manishshivaprasad/.m2/repository/org/opentest4j/opentest4j/1.2.0/opentest4j-1.2.0.jar:/Users/manishshivaprasad/.m2/repository/org/junit/platform/junit-platform-commons/1.9.3/junit-platform-commons-1.9.3.jar:/Users/manishshivaprasad/.m2/repository/org/apiguardian/apiguardian-api/1.1.2/apiguardian-api-1.1.2.jar:/Users/manishshivaprasad/.m2/repository/org/junit/jupiter/junit-jupiter-params/5.9.3/junit-jupiter-params-5.9.3.jar:/Users/manishshivaprasad/.m2/repository/org/junit/jupiter/junit-jupiter-engine/5.9.3/junit-jupiter-engine-5.9.3.jar:/Users/manishshivaprasad/.m2/repository/org/junit/platform/junit-platform-engine/1.9.3/junit-platform-engine-1.9.3.jar:/Users/manishshivaprasad/.m2/repository/org/mockito/mockito-core/5.3.1/mockito-core-5.3.1.jar:/Users/manishshivaprasad/.m2/repository/net/bytebuddy/byte-buddy-agent/1.14.11/byte-buddy-agent-1.14.11.jar:/Users/manishshivaprasad/.m2/repository/org/objenesis/objenesis/3.3/objenesis-3.3.jar:/Users/manishshivaprasad/.m2/repository/org/mockito/mockito-junit-jupiter/5.3.1/mockito-junit-jupiter-5.3.1.jar:/Users/manishshivaprasad/.m2/repository/org/skyscreamer/jsonassert/1.5.1/jsonassert-1.5.1.jar:/Users/manishshivaprasad/.m2/repository/com/vaadin/external/google/android-json/0.0.20131108.vaadin1/android-json-0.0.20131108.vaadin1.jar:/Users/manishshivaprasad/.m2/repository/org/springframework/spring-core/6.0.16/spring-core-6.0.16.jar:/Users/manishshivaprasad/.m2/repository/org/springframework/spring-jcl/6.0.16/spring-jcl-6.0.16.jar:/Users/manishshivaprasad/.m2/repository/org/springframework/spring-test/6.0.16/spring-test-6.0.16.jar:/Users/manishshivaprasad/.m2/repository/org/xmlunit/xmlunit-core/2.9.1/xmlunit-core-2.9.1.jar:/Users/manishshivaprasad/.m2/repository/org/testcontainers/mongodb/1.19.4/mongodb-1.19.4.jar:/Users/manishshivaprasad/.m2/repository/org/testcontainers/testcontainers/1.19.4/testcontainers-1.19.4.jar:/Users/manishshivaprasad/.m2/repository/junit/junit/4.13.2/junit-4.13.2.jar:/Users/manishshivaprasad/.m2/repository/org/hamcrest/hamcrest-core/2.2/hamcrest-core-2.2.jar:/Users/manishshivaprasad/.m2/repository/org/apache/commons/commons-compress/1.25.0/commons-compress-1.25.0.jar:/Users/manishshivaprasad/.m2/repository/org/rnorth/duct-tape/duct-tape/1.0.8/duct-tape-1.0.8.jar:/Users/manishshivaprasad/.m2/repository/org/jetbrains/annotations/17.0.0/annotations-17.0.0.jar:/Users/manishshivaprasad/.m2/repository/com/github/docker-java/docker-java-api/3.3.4/docker-java-api-3.3.4.jar:/Users/manishshivaprasad/.m2/repository/com/github/docker-java/docker-java-transport-zerodep/3.3.4/docker-java-transport-zerodep-3.3.4.jar:/Users/manishshivaprasad/.m2/repository/com/github/docker-java/docker-java-transport/3.3.4/docker-java-transport-3.3.4.jar:/Users/manishshivaprasad/.m2/repository/net/java/dev/jna/jna/5.13.0/jna-5.13.0.jar:/Users/manishshivaprasad/.m2/repository/org/testcontainers/junit-jupiter/1.19.4/junit-jupiter-1.19.4.jar:"/>
    <property name="sun.cpu.endian" value="little"/>
    <property name="user.home" value="/Users/manishshivaprasad"/>
    <property name="user.language" value="en"/>
    <property name="java.specification.vendor" value="Oracle Corporation"/>
    <property name="java.version.date" value="2024-01-16"/>
    <property name="java.home" value="/Library/Java/JavaVirtualMachines/jdk-17.jdk/Contents/Home"/>
    <property name="file.separator" value="/"/>
    <property name="basedir" value="/Users/manishshivaprasad/Documents/microservices-new/product-service"/>
    <property name="java.vm.compressedOopsMode" value="Zero based"/>
    <property name="line.separator" value="&#10;"/>
    <property name="java.vm.specification.vendor" value="Oracle Corporation"/>
    <property name="java.specification.name" value="Java Platform API Specification"/>
    <property name="FILE_LOG_CHARSET" value="UTF-8"/>
    <property name="java.awt.headless" value="true"/>
    <property name="surefire.real.class.path" value="/Users/manishshivaprasad/Documents/microservices-new/product-service/target/surefire/surefirebooter-20240220000809853_3.jar"/>
    <property name="sun.management.compiler" value="HotSpot 64-Bit Tiered Compilers"/>
    <property name="ftp.nonProxyHosts" value="local|*.local|169.254/16|*.169.254/16"/>
    <property name="java.runtime.version" value="17.0.10+11-LTS-240"/>
    <property name="user.name" value="manishshivaprasad"/>
    <property name="path.separator" value=":"/>
    <property name="os.version" value="14.2"/>
    <property name="java.runtime.name" value="Java(TM) SE Runtime Environment"/>
    <property name="file.encoding" value="UTF-8"/>
    <property name="java.vm.name" value="Java HotSpot(TM) 64-Bit Server VM"/>
    <property name="localRepository" value="/Users/manishshivaprasad/.m2/repository"/>
    <property name="java.vendor.url.bug" value="https://bugreport.java.com/bugreport/"/>
    <property name="java.io.tmpdir" value="/var/folders/sq/0qyq90w17xlfc1fc_y23d4xh0000gn/T/"/>
    <property name="idea.version" value="2022.2.3"/>
    <property name="java.version" value="17.0.10"/>
    <property name="user.dir" value="/Users/manishshivaprasad/Documents/microservices-new/product-service"/>
    <property name="os.arch" value="aarch64"/>
    <property name="java.vm.specification.name" value="Java Virtual Machine Specification"/>
    <property name="PID" value="89248"/>
    <property name="CONSOLE_LOG_CHARSET" value="UTF-8"/>
    <property name="native.encoding" value="UTF-8"/>
    <property name="java.library.path" value="/Users/manishshivaprasad/Library/Java/Extensions:/Library/Java/Extensions:/Network/Library/Java/Extensions:/System/Library/Java/Extensions:/usr/lib/java:."/>
    <property name="java.vm.info" value="mixed mode, sharing"/>
    <property name="java.vendor" value="Oracle Corporation"/>
    <property name="java.vm.version" value="17.0.10+11-LTS-240"/>
    <property name="sun.io.unicode.encoding" value="UnicodeBig"/>
    <property name="socksNonProxyHosts" value="local|*.local|169.254/16|*.169.254/16"/>
    <property name="java.class.version" value="61.0"/>
  </properties>
  <testcase name="shouldCreateProduct" classname="com.Project.Productservice.ProductServiceApplicationTests" time="0.62">
    <system-out><![CDATA[00:08:10.360 [main] INFO org.springframework.test.context.support.AnnotationConfigContextLoaderUtils -- Could not detect default configuration classes for test class [com.Project.Productservice.ProductServiceApplicationTests]: ProductServiceApplicationTests does not declare any static, non-private, non-final, nested classes annotated with @Configuration.
00:08:10.424 [main] INFO org.springframework.boot.test.context.SpringBootTestContextBootstrapper -- Found @SpringBootConfiguration com.Project.Productservice.ProductServiceApplication for test class com.Project.Productservice.ProductServiceApplicationTests
00:08:10.504 [main] INFO org.testcontainers.images.PullPolicy -- Image pull policy will be performed by: DefaultPullPolicy()
00:08:10.506 [main] INFO org.testcontainers.utility.ImageNameSubstitutor -- Image name substitution will be performed by: DefaultImageNameSubstitutor (composite of 'ConfigurationFileImageNameSubstitutor' and 'PrefixingImageNameSubstitutor')
00:08:10.647 [main] INFO org.testcontainers.dockerclient.DockerClientProviderStrategy -- Loaded org.testcontainers.dockerclient.UnixSocketClientProviderStrategy from ~/.testcontainers.properties, will try it first
00:08:10.798 [main] INFO org.testcontainers.dockerclient.DockerClientProviderStrategy -- Found Docker environment with local Unix socket (unix:///var/run/docker.sock)
00:08:10.799 [main] INFO org.testcontainers.DockerClientFactory -- Docker host IP address is localhost
00:08:10.815 [main] INFO org.testcontainers.DockerClientFactory -- Connected to docker: 
  Server Version: 25.0.2
  API Version: 1.44
  Operating System: Docker Desktop
  Total Memory: 7841 MB
00:08:10.830 [main] INFO tc.testcontainers/ryuk:0.6.0 -- Creating container for image: testcontainers/ryuk:0.6.0
00:08:11.290 [main] INFO tc.testcontainers/ryuk:0.6.0 -- Container testcontainers/ryuk:0.6.0 is starting: dce7707ac3b60bab6c98463b66aa95d58952ad1509e6ad9dbf6d9df4c07b5d37
00:08:11.567 [main] INFO tc.testcontainers/ryuk:0.6.0 -- Container testcontainers/ryuk:0.6.0 started in PT0.737795S
00:08:11.573 [main] INFO org.testcontainers.utility.RyukResourceReaper -- Ryuk started - will monitor and terminate Testcontainers containers on JVM exit
00:08:11.573 [main] INFO org.testcontainers.DockerClientFactory -- Checking the system...
00:08:11.573 [main] INFO org.testcontainers.DockerClientFactory -- ✔︎ Docker server version should be at least 1.6.0
00:08:11.574 [main] INFO tc.mongo:4.0.10 -- Creating container for image: mongo:4.0.10
00:08:11.612 [main] INFO tc.mongo:4.0.10 -- Container mongo:4.0.10 is starting: 5b06a4b9bcd77fe460259a58d3ce5ecaeb5495b33af89dbe46c432a80132afa7
00:08:11.994 [main] INFO tc.mongo:4.0.10 -- Container mongo:4.0.10 started in PT0.420434S

  .   ____          _            __ _ _
 /\\ / ___'_ __ _ _(_)_ __  __ _ \ \ \ \
( ( )\___ | '_ | '_| | '_ \/ _` | \ \ \ \
 \\/  ___)| |_)| | | | | || (_| |  ) ) ) )
  '  |____| .__|_| |_|_| |_\__, | / / / /
 =========|_|==============|___/=/_/_/_/
 :: Spring Boot ::                (v3.1.8)

2024-02-20T00:08:14.406-05:00  INFO 89248 --- [           main] c.P.P.ProductServiceApplicationTests     : Starting ProductServiceApplicationTests using Java 17.0.10 with PID 89248 (started by manishshivaprasad in /Users/manishshivaprasad/Documents/microservices-new/product-service)
2024-02-20T00:08:14.407-05:00  INFO 89248 --- [           main] c.P.P.ProductServiceApplicationTests     : No active profile set, falling back to 1 default profile: "default"
2024-02-20T00:08:14.727-05:00  INFO 89248 --- [           main] .s.d.r.c.RepositoryConfigurationDelegate : Bootstrapping Spring Data MongoDB repositories in DEFAULT mode.
2024-02-20T00:08:14.769-05:00  INFO 89248 --- [           main] .s.d.r.c.RepositoryConfigurationDelegate : Finished Spring Data repository scanning in 38 ms. Found 1 MongoDB repository interface.
2024-02-20T00:08:14.991-05:00  INFO 89248 --- [           main] org.mongodb.driver.client                : MongoClient with metadata {"driver": {"name": "mongo-java-driver|sync|spring-boot", "version": "4.9.1"}, "os": {"type": "Darwin", "name": "Mac OS X", "architecture": "aarch64", "version": "14.2"}, "platform": "Java/Oracle Corporation/17.0.10+11-LTS-240"} created with settings MongoClientSettings{readPreference=primary, writeConcern=WriteConcern{w=null, wTimeout=null ms, journal=null}, retryWrites=true, retryReads=true, readConcern=ReadConcern{level=null}, credential=null, streamFactoryFactory=null, commandListeners=[], codecRegistry=ProvidersCodecRegistry{codecProviders=[ValueCodecProvider{}, BsonValueCodecProvider{}, DBRefCodecProvider{}, DBObjectCodecProvider{}, DocumentCodecProvider{}, CollectionCodecProvider{}, IterableCodecProvider{}, MapCodecProvider{}, GeoJsonCodecProvider{}, GridFSFileCodecProvider{}, Jsr310CodecProvider{}, JsonObjectCodecProvider{}, BsonCodecProvider{}, EnumCodecProvider{}, com.mongodb.client.model.mql.ExpressionCodecProvider@4f213a2, com.mongodb.Jep395RecordCodecProvider@25699aa7]}, loggerSettings=LoggerSettings{maxDocumentLength=1000}, clusterSettings={hosts=[localhost:54891], srvServiceName=mongodb, mode=SINGLE, requiredClusterType=UNKNOWN, requiredReplicaSetName='null', serverSelector='null', clusterListeners='[]', serverSelectionTimeout='30000 ms', localThreshold='30000 ms'}, socketSettings=SocketSettings{connectTimeoutMS=10000, readTimeoutMS=0, receiveBufferSize=0, sendBufferSize=0}, heartbeatSocketSettings=SocketSettings{connectTimeoutMS=10000, readTimeoutMS=10000, receiveBufferSize=0, sendBufferSize=0}, connectionPoolSettings=ConnectionPoolSettings{maxSize=100, minSize=0, maxWaitTimeMS=120000, maxConnectionLifeTimeMS=0, maxConnectionIdleTimeMS=0, maintenanceInitialDelayMS=0, maintenanceFrequencyMS=60000, connectionPoolListeners=[], maxConnecting=2}, serverSettings=ServerSettings{heartbeatFrequencyMS=10000, minHeartbeatFrequencyMS=500, serverListeners='[]', serverMonitorListeners='[]'}, sslSettings=SslSettings{enabled=false, invalidHostNameAllowed=false, context=null}, applicationName='null', compressorList=[], uuidRepresentation=JAVA_LEGACY, serverApi=null, autoEncryptionSettings=null, contextProvider=null}
2024-02-20T00:08:15.011-05:00  INFO 89248 --- [localhost:54891] org.mongodb.driver.cluster               : Monitor thread successfully connected to server with description ServerDescription{address=localhost:54891, type=REPLICA_SET_PRIMARY, state=CONNECTED, ok=true, minWireVersion=0, maxWireVersion=7, maxDocumentSize=16777216, logicalSessionTimeoutMinutes=30, roundTripTimeNanos=17038167, setName='docker-rs', canonicalAddress=5b06a4b9bcd7:27017, hosts=[5b06a4b9bcd7:27017], passives=[], arbiters=[], primary='5b06a4b9bcd7:27017', tagSet=TagSet{[]}, electionId=7fffffff0000000000000001, setVersion=1, topologyVersion=null, lastWriteDate=Tue Feb 20 00:08:14 EST 2024, lastUpdateTimeNanos=178501876085666}
2024-02-20T00:08:15.348-05:00  INFO 89248 --- [           main] o.s.b.t.m.w.SpringBootMockServletContext : Initializing Spring TestDispatcherServlet ''
2024-02-20T00:08:15.349-05:00  INFO 89248 --- [           main] o.s.t.web.servlet.TestDispatcherServlet  : Initializing Servlet ''
2024-02-20T00:08:15.350-05:00  INFO 89248 --- [           main] o.s.t.web.servlet.TestDispatcherServlet  : Completed initialization in 0 ms
2024-02-20T00:08:15.363-05:00  INFO 89248 --- [           main] c.P.P.ProductServiceApplicationTests     : Started ProductServiceApplicationTests in 1.093 seconds (process running for 5.459)
2024-02-20T00:08:15.968-05:00  INFO 89248 --- [           main] c.P.P.service.ProductService             : Product 65d433bf7e65a477ac62f2b9 is saved
]]></system-out>
  </testcase>
</testsuite>